<?xml version="1.0" encoding="UTF-8"?>
<!-- Generated by org.testng.reporters.JUnitXMLReporter -->
<testsuite hostname="EVT02097NB" ignored="0" name="Default test" tests="3" failures="0" timestamp="11 Kas 2021 12:41:20 GMT" time="17.807" errors="0">
  <testcase name="runScenario" time="8.419" classname="io.cucumber.testng.AbstractTestNGCucumberTests"/>
  <testcase name="runScenario" time="4.442" classname="io.cucumber.testng.AbstractTestNGCucumberTests"/>
  <testcase name="runScenario" time="4.526" classname="io.cucumber.testng.AbstractTestNGCucumberTests"/>
</testsuite> <!-- Default test -->
